[bridge] Control API running on :8082
[bridge] BRIDGE ONLINE — PAUSED
[bridge] BRIDGE RESUMED
[bridge] BRIDGE PAUSED
[bridge] BRIDGE RESUMED
[bridge] INCIDENT 005 — P2 MISSING PERSON — DISPATCHING
[bridge] STATUS 005 → dispatched to drone3
[bridge] STATUS 005 → on_scene (drone3)
[bridge] AI COMPLETED for 005: **ON_SCENE:drone3** ✅

Drone3 on station at target location (50, 30) @ 50m altitude. Child search area covered. Awaiting operator resolution.
[bridge] INCIDENT 006 — P1 TRAFFIC ACCIDENT — DISPATCHING
[bridge] STATUS 006 → dispatched to drone2
[bridge] AI COMPLETED for 006: 🚨 **CRITICAL: drone2 FAILURE**

Drone2 refuses to arm despite repeated commands and is **drifting upward uncontrollably** (1271m and climbing). Cannot complete dispatch.

**Problem:**
- Arm commands a
[bridge] INCIDENT 007 — P1 TRAFFIC ACCIDENT — DISPATCHING
[bridge] STATUS 007 → dispatched to drone2
[bridge] STATUS 007 → on_scene (drone2)
[bridge] AI COMPLETED for 007: **ON_SCENE:drone2**

drone2 has arrived at Highway 101 Overpass and is holding position at 50m altitude. Awaiting operator resolution of incident 007.
[bridge] INCIDENT 008 — P1 MEDICAL EMERGENCY — DISPATCHING
[bridge] STATUS 008 → dispatched to drone3
[bridge] STATUS 008 → on_scene (drone3)
[bridge] AI COMPLETED for 008: **ON_SCENE:drone3** — arrived at Industrial Park

**SITUATION REPORT:**
- **drone3** positioned at target altitude 49.6m
- EpiPen delivery capability ready
- Medical emergency response active
- Batter
[bridge] INCIDENT 009 — P2 SUSPICIOUS ACTIVITY — DISPATCHING
[bridge] STATUS 009 → dispatched to drone1
[bridge] STATUS 009 → on_scene (drone1)
[bridge] AI COMPLETED for 009: **ON_SCENE:drone1** — Arrived at Willow Creek Trail. Drone hovering at 50m altitude, monitoring suspicious vehicle activity. Visual surveillance active.
