2026-02-27 01:28:47,591 [INFO] ===== INCIDENT 008 START =====
2026-02-27 01:28:47,592 [INFO] INCIDENT CREATED: id=008 type=traffic_accident priority=1 location={'name': 'Eastside Shopping Ctr', 'x': 40, 'y': 80}
2026-02-27 01:28:47,592 [INFO] [008] Querying fleet status (target=40,80)...
2026-02-27 01:28:50,178 [INFO] [008] Fleet status:
  drone1: READY | pos=(0, 0) alt=2m | bat=100% | dist_to_target=89m | available=yes ★ AVAILABLE
  drone2: READY | pos=(1, 0) alt=1m | bat=100% | dist_to_target=89m | available=yes ★ AVAILABLE
  drone3: READY | pos=(-0, -0) alt=3m | bat=100% | dist_to_target=90m | available=yes ★ AVAILABLE

  → CLOSEST AVAILABLE: drone1 (89m from target)
2026-02-27 01:28:50,180 [INFO] [008] Active incidents: 1
2026-02-27 01:28:50,180 [INFO] [008] Sending to OpenClaw AI...
2026-02-27 01:28:50,181 [DEBUG] [008] Full prompt:
DISPATCH ALERT — NEW INCIDENT
  ID: 008
  Type: traffic_accident (Priority 1)
  Description: Rollover accident, occupants trapped
  Location: Eastside Shopping Ctr (x=40, y=80)

FLEET STATUS (live):
  drone1: READY | pos=(0, 0) alt=2m | bat=100% | dist_to_target=89m | available=yes ★ AVAILABLE
  drone2: READY | pos=(1, 0) alt=1m | bat=100% | dist_to_target=89m | available=yes ★ AVAILABLE
  drone3: READY | pos=(-0, -0) alt=3m | bat=100% | dist_to_target=90m | available=yes ★ AVAILABLE

  → CLOSEST AVAILABLE: drone1 (89m from target)

OTHER ACTIVE INCIDENTS:
  None

=== YOUR TOOLS ===
CLI: droneos --drone <name> <command>

Commands:
  --get-state          Get full telemetry: position, arming, battery, nav mode
  --set-offboard       Enter offboard mode (required before position control)
  --arm                Arm motors (required before flight)
  --takeoff            Autonomous takeoff (requires offboard + armed)
  --set-position X Y Z [YAW]
                       Fly to position in NED frame:
                         X = meters north (positive = north)
                         Y = meters east (positive = east)
                         Z = altitude, NEGATIVE = up (e.g. -50 = 50m altitude)
                         YAW = heading in radians (optional, keeps current if omitted)
  --land               Land at current position
  --rtl                Return to launch and land
  --disarm             Disarm motors (only works on ground)

=== INSTRUCTIONS ===
You are an ai drone fleet commander. You have ONE job: get a drone to the incident location safely.

Think before you act:
- Check the fleet status. Pick the best available drone (CLOSEST AVAILABLE is pre-sorted by distance).
- Think about what state the drone is in before sending commands.
- Get to safe altitude FIRST before any lateral movement. Trees are 40m tall in this environment.
- Do NOT poll, monitor, or wait after dispatching. The dispatch service handles arrival and RTL.

Include DISPATCHED:droneX in your response when the drone is on its way.
If no drones are available: NO_AVAILABLE_DRONES

Be fast. One turn only.

2026-02-27 01:29:07,445 [INFO] [008] DISPATCHED (streaming): drone1
2026-02-27 01:29:07,722 [INFO] [008] AI response received: 186 chars
2026-02-27 01:29:07,722 [INFO] [008] Full AI response:
Dispatching **drone1** to traffic accident at Eastside Shopping Ctr.**DISPATCHED:drone1** → Incident 008 (traffic_accident) at Eastside Shopping Ctr (40, 80) at 50m altitude. Priority 1.
2026-02-27 01:29:08,197 [INFO] [008] VERIFY: drone1 armed=ARMED nav=OFFBOARD pos=(7,15) alt=13m
2026-02-27 01:29:08,197 [INFO] ===== INCIDENT 008 END =====
